TN:
SF:src\components\common\ErrorBoundary.jsx
FN:4,constructor
FN:9,getDerivedStateFromError
FN:13,componentDidCatch
FN:18,render
FN:40,(anonymous_4)
FNF:5
FNH:5
FNDA:8,constructor
FNDA:1,getDerivedStateFromError
FNDA:3,componentDidCatch
FNDA:14,render
FNDA:1,(anonymous_4)
DA:5,8
DA:6,8
DA:10,6
DA:15,3
DA:19,14
DA:20,6
DA:40,1
DA:47,8
LF:8
LH:8
BRDA:19,0,0,6
BRDA:19,0,1,8
BRF:2
BRH:2
end_of_record
TN:
SF:src\components\layout\Footer.jsx
FN:32,Footer
FN:73,(anonymous_1)
FN:92,(anonymous_2)
FN:97,(anonymous_3)
FNF:4
FNH:4
FNDA:5,Footer
FNDA:15,(anonymous_1)
FNDA:1,(anonymous_2)
FNDA:1,(anonymous_3)
DA:1,1
DA:33,5
DA:35,5
DA:74,15
DA:93,1
DA:94,1
DA:95,1
DA:98,1
DA:99,1
DA:100,1
LF:10
LH:10
BRDA:77,0,0,10
BRDA:77,0,1,5
BRF:2
BRH:2
end_of_record
TN:
SF:src\hooks\useTypewriter.js
FN:14,useTypewriter
FN:20,(anonymous_1)
FN:24,(anonymous_2)
FN:25,(anonymous_3)
FN:29,(anonymous_4)
FN:39,(anonymous_5)
FN:44,(anonymous_6)
FNF:7
FNH:4
FNDA:7,useTypewriter
FNDA:7,(anonymous_1)
FNDA:0,(anonymous_2)
FNDA:0,(anonymous_3)
FNDA:3,(anonymous_4)
FNDA:0,(anonymous_5)
FNDA:7,(anonymous_6)
DA:3,1
DA:15,7
DA:16,7
DA:17,7
DA:18,7
DA:20,7
DA:21,7
DA:23,7
DA:24,0
DA:25,0
DA:28,7
DA:29,7
DA:30,3
DA:31,3
DA:32,3
DA:33,3
DA:35,0
DA:36,0
DA:37,0
DA:38,0
DA:39,0
DA:44,7
DA:47,7
LF:23
LH:16
BRDA:23,0,0,0
BRDA:23,0,1,7
BRDA:28,1,0,0
BRDA:28,1,1,7
BRDA:30,2,0,3
BRDA:30,2,1,0
BRDA:33,3,0,0
BRDA:33,3,1,3
BRDA:37,4,0,0
BRDA:37,4,1,0
BRF:10
BRH:4
end_of_record
TN:
SF:src\pages\NotFoundPage.jsx
FN:3,NotFoundPage
FNF:1
FNH:1
FNDA:3,NotFoundPage
DA:4,3
LF:1
LH:1
BRF:0
BRH:0
end_of_record
TN:
SF:src\utils\cn.js
FN:1,cn
FNF:1
FNH:1
FNDA:5,cn
DA:2,5
LF:1
LH:1
BRF:0
BRH:0
end_of_record
